<?xml version="1.0" encoding="UTF-8"?><testsuite errors="0" failures="0" name="restapi.dummy.restApiTest.DummyRestAPICURDTest" skipped="0" tests="4" time="7.11" timestamp="2022-06-07T09:03:52.608+01:00[Europe/London]"><testcase classname="restapi.dummy.restApiTest.DummyRestAPICURDTest" name="This will create a new employee"/><testcase classname="restapi.dummy.restApiTest.DummyRestAPICURDTest" name="This will getting single user by id"/><testcase classname="restapi.dummy.restApiTest.DummyRestAPICURDTest" name="This will updating user by Id"/><testcase classname="restapi.dummy.restApiTest.DummyRestAPICURDTest" name="This will deleting user"/></testsuite>